  1=HMS; 2=SHMS 
  rates will be for SHMS
  Input: 
    Electron beam energy (5-19 GeV): 
    Scattered particle momentum (GeV/c): 
    Scattered angle (5-50 deg): 
    Radiation length of target (%): 

 E0= 8.487  P= 7.890  TH= 7.450  RL=4.610
    pi+         pi-          K+          K-           p        pbar   nb/GeV-sr
  0.5963E+01  0.3391E+01  0.3447E+01  0.8615E-01  0.2949E+01 -0.1899E-06
  Rates 
H  0.1430E+05  0.8135E+04  0.8268E+04  0.2066E+03  0.7073E+04 -0.4554E-03
T  0.2964E+05  0.8341E+04
  Input: 
    Electron beam energy (5-19 GeV): 
    Scattered particle momentum (GeV/c): 
    Scattered angle (5-50 deg): 
    Radiation length of target (%): 

 E0= 8.487  P= 7.560  TH= 9.450  RL=4.610
    pi+         pi-          K+          K-           p        pbar   nb/GeV-sr
  0.1978E+01  0.1178E+01  0.1163E+01  0.3430E-01  0.1253E+01 -0.6236E-08
  Rates 
H  0.4547E+04  0.2706E+04  0.2672E+04  0.7883E+02  0.2880E+04 -0.1433E-04
T  0.1010E+05  0.2785E+04
  Input: 
    Electron beam energy (5-19 GeV): 
    Scattered particle momentum (GeV/c): 
    Scattered angle (5-50 deg): 
    Radiation length of target (%): 

 E0= 8.487  P= 7.110  TH=11.900  RL=4.610
    pi+         pi-          K+          K-           p        pbar   nb/GeV-sr
  0.6054E+00  0.3760E+00  0.3502E+00  0.1172E-01  0.4895E+00 -0.1931E-07
  Rates 
H  0.1309E+04  0.8127E+03  0.7570E+03  0.2534E+02  0.1058E+04 -0.4173E-04
T  0.3124E+04  0.8381E+03
  Input: 
    Electron beam energy (5-19 GeV): 
    Scattered particle momentum (GeV/c): 
    Scattered angle (5-50 deg): 
    Radiation length of target (%): 

 E0= 8.487  P= 6.720  TH=13.850  RL=4.610
    pi+         pi-          K+          K-           p        pbar   nb/GeV-sr
  0.2801E+00  0.1785E+00  0.1578E+00  0.5600E-02  0.2690E+00 -0.2129E-08
  Rates 
H  0.5722E+03  0.3647E+03  0.3223E+03  0.1144E+02  0.5494E+03 -0.4349E-05
T  0.1444E+04  0.3761E+03
  Input: 
    Electron beam energy (5-19 GeV): 
    Scattered particle momentum (GeV/c): 
    Scattered angle (5-50 deg): 
    Radiation length of target (%): 

 E0= 8.487  P= 6.530  TH=14.800  RL=4.610
    pi+         pi-          K+          K-           p        pbar   nb/GeV-sr
  0.2003E+00  0.1288E+00  0.1112E+00  0.3980E-02  0.2088E+00 -0.4439E-08
  Rates 
H  0.3976E+03  0.2557E+03  0.2208E+03  0.7901E+01  0.4145E+03 -0.8812E-05
T  0.1033E+04  0.2636E+03
  Input: 
    Electron beam energy (5-19 GeV): 
    Scattered particle momentum (GeV/c): 
    Scattered angle (5-50 deg): 
    Radiation length of target (%): 

 E0= 8.487  P= 6.270  TH=16.100  RL=4.610
    pi+         pi-          K+          K-           p        pbar   nb/GeV-sr
  0.1327E+00  0.8620E-01  0.7224E-01  0.2571E-02  0.1546E+00 -0.1351E-08
  Rates 
H  0.2529E+03  0.1643E+03  0.1377E+03  0.4900E+01  0.2947E+03 -0.2575E-05
T  0.6853E+03  0.1692E+03
  Input: 
    Electron beam energy (5-19 GeV): 
    Scattered particle momentum (GeV/c): 
    Scattered angle (5-50 deg): 
    Radiation length of target (%): 

 E0= 8.487  P= 5.650  TH=19.200  RL=4.610
    pi+         pi-          K+          K-           p        pbar   nb/GeV-sr
  0.6384E-01  0.4205E-01  0.3306E-01  0.1110E-02  0.9619E-01 -0.4323E-10
  Rates 
H  0.1097E+03  0.7222E+02  0.5678E+02  0.1907E+01  0.1652E+03 -0.7425E-07
T  0.3317E+03  0.7413E+02
  Input: 
    Electron beam energy (5-19 GeV): 
    Scattered particle momentum (GeV/c): 
    Scattered angle (5-50 deg): 
    Radiation length of target (%): 

 E0= 8.487  P= 5.260  TH=21.200  RL=4.610
    pi+         pi-          K+          K-           p        pbar   nb/GeV-sr
  0.4744E-01  0.3133E-01  0.2376E-01  0.7519E-03  0.8371E-01 -0.2407E-09
  Rates 
H  0.7585E+02  0.5011E+02  0.3799E+02  0.1202E+01  0.1339E+03 -0.3849E-06
T  0.2477E+03  0.5131E+02
  Input: 
    Electron beam energy (5-19 GeV): 
    Scattered particle momentum (GeV/c): 
    Scattered angle (5-50 deg): 
    Radiation length of target (%): 

 E0= 8.487  P= 4.900  TH=23.200  RL=4.610
    pi+         pi-          K+          K-           p        pbar   nb/GeV-sr
  0.3744E-01  0.2466E-01  0.1819E-01  0.5196E-03  0.7700E-01 -0.1525E-09
  Rates 
H  0.5576E+02  0.3673E+02  0.2710E+02  0.7740E+00  0.1147E+03 -0.2271E-06
T  0.1976E+03  0.3750E+02
  Input: 
    Electron beam energy (5-19 GeV): 
    Scattered particle momentum (GeV/c): 
    Scattered angle (5-50 deg): 
    Radiation length of target (%): 

 E0= 8.487  P= 6.730  TH=13.800  RL=4.610
    pi+         pi-          K+          K-           p        pbar   nb/GeV-sr
  0.2853E+00  0.1817E+00  0.1608E+00  0.5706E-02  0.2728E+00 -0.4556E-08
  Rates 
H  0.5838E+03  0.3718E+03  0.3291E+03  0.1167E+02  0.5581E+03 -0.9322E-05
T  0.1471E+04  0.3835E+03
  Input: 
    Electron beam energy (5-19 GeV): 
    Scattered particle momentum (GeV/c): 
    Scattered angle (5-50 deg): 
    Radiation length of target (%): 

 E0= 8.487  P= 6.480  TH=15.050  RL=4.610
    pi+         pi-          K+          K-           p        pbar   nb/GeV-sr
  0.1842E+00  0.1187E+00  0.1019E+00  0.3649E-02  0.1962E+00 -0.4235E-08
  Rates 
H  0.3629E+03  0.2339E+03  0.2008E+03  0.7188E+01  0.3866E+03 -0.8342E-05
T  0.9503E+03  0.2411E+03
  Input: 
    Electron beam energy (5-19 GeV): 
    Scattered particle momentum (GeV/c): 
    Scattered angle (5-50 deg): 
    Radiation length of target (%): 

 E0= 8.487  P= 5.990  TH=17.450  RL=4.610
    pi+         pi-          K+          K-           p        pbar   nb/GeV-sr
  0.9511E-01  0.6233E-01  0.5059E-01  0.1794E-02  0.1238E+00 -0.1952E-08
  Rates 
H  0.1732E+03  0.1135E+03  0.9212E+02  0.3266E+01  0.2254E+03 -0.3555E-05
T  0.4908E+03  0.1168E+03
  Input: 
    Electron beam energy (5-19 GeV): 
    Scattered particle momentum (GeV/c): 
    Scattered angle (5-50 deg): 
    Radiation length of target (%): 

 E0= 8.487  P= 5.580  TH=19.550  RL=4.610
    pi+         pi-          K+          K-           p        pbar   nb/GeV-sr
  0.6023E-01  0.3971E-01  0.3100E-01  0.1033E-02  0.9332E-01 -0.3156E-09
  Rates 
H  0.1022E+03  0.6736E+02  0.5259E+02  0.1752E+01  0.1583E+03 -0.5353E-06
T  0.3131E+03  0.6911E+02
  Input: 
    Electron beam energy (5-19 GeV): 
    Scattered particle momentum (GeV/c): 
    Scattered angle (5-50 deg): 
    Radiation length of target (%): 

 E0= 8.487  P= 5.320  TH=20.900  RL=4.610
    pi+         pi-          K+          K-           p        pbar   nb/GeV-sr
  0.4879E-01  0.3221E-01  0.2457E-01  0.7815E-03  0.8418E-01 -0.3906E-09
  Rates 
H  0.7890E+02  0.5209E+02  0.3974E+02  0.1264E+01  0.1361E+03 -0.6317E-06
T  0.2548E+03  0.5336E+02
  Input: 
    Electron beam energy (5-19 GeV): 
    Scattered particle momentum (GeV/c): 
    Scattered angle (5-50 deg): 
    Radiation length of target (%): 

 E0= 8.487  P= 4.760  TH=24.000  RL=4.610
    pi+         pi-          K+          K-           p        pbar   nb/GeV-sr
  0.3517E-01  0.2312E-01  0.1688E-01  0.4625E-03  0.7661E-01 -0.2544E-09
  Rates 
H  0.5089E+02  0.3345E+02  0.2442E+02  0.6693E+00  0.1109E+03 -0.3681E-06
T  0.1862E+03  0.3412E+02
  Input: 
    Electron beam energy (5-19 GeV): 
