    Rates will be for HMS 
      E          E'     theta     I      q2    w2   epsilon  sig_el   el_rate   sig_inel  inel_rate tot_rate
    (GeV)      (GeV)    (deg)    (uA)                        (nb/sr)   (kHz)   (nb/sr/GeV)  (kHz)    (kHz)
    2.7580    1.5000   12.5241   70.0  0.152  3.089  0.863 0.770-314 0.000E+00 0.186E+04 0.855E+03 0.855E+03
    2.7580    2.6170   12.5241   70.0  0.265  0.880  0.975 0.348E+04 0.688E+04 0.000E+00 0.653E+03 0.753E+04
    2.7580    2.5730   14.2041   70.0  0.346  0.881  0.969 0.151E+04 0.298E+04 0.000E+00 0.212E+03 0.319E+04
    2.7580    2.5010   16.7441   70.0  0.484  0.879  0.958 0.487E+03 0.964E+03 0.000E+00 0.695E+02 0.103E+04
    2.7580    2.2870   23.0741   70.0  0.882  0.882  0.920 0.480E+02 0.949E+02 0.000E+00 0.104E+02 0.105E+03
    2.7580    1.9640   31.9241   70.0  1.489  0.881  0.837 0.404E+01 0.800E+01 0.000E+00 0.101E+01 0.902E+01
    2.7580    1.8480   35.1641   70.0  1.707  0.881  0.799 0.193E+01 0.382E+01 0.000E+00 0.496E+00 0.432E+01
    2.7580    1.7290   38.6241   70.0  1.930  0.881  0.756 0.950E+00 0.188E+01 0.000E+00 0.246E+00 0.213E+01
    2.7580    0.4610   31.9241   70.0  0.350  4.841  0.322 0.950E+00 0.000E+00 0.405E+02 0.747E+01 0.747E+01
    2.7580    0.4480   33.4941   70.0  0.375  4.840  0.310 0.950E+00 0.000E+00 0.349E+02 0.630E+01 0.630E+01
    2.7580    0.4210   36.7141   70.0  0.424  4.841  0.286 0.950E+00 0.000E+00 0.263E+02 0.450E+01 0.450E+01
    3.6600    2.1260   36.9241   70.0  2.877  0.882  0.750 0.218E+00 0.431E+00 0.000E+00 0.195E+00 0.626E+00
    3.6600    1.3630   16.7441   70.0  0.350  4.841  0.679 0.218E+00 0.000E+00 0.203E+03 0.104E+03 0.104E+03
    3.6600    1.3500   17.3541   70.0  0.375  4.840  0.672 0.218E+00 0.000E+00 0.179E+03 0.908E+02 0.908E+02
    3.6600    1.3230   18.5541   70.0  0.425  4.841  0.659 0.218E+00 0.000E+00 0.140E+03 0.706E+02 0.706E+02
    3.6600    1.1820   35.1641   70.0  1.449  4.081  0.544 0.218E+00 0.000E+00 0.969E+01 0.497E+01 0.497E+01
    4.5620    2.5530   34.5741   70.0  3.769  0.881  0.756 0.814E-01 0.161E+00 0.000E+00 0.132E+00 0.293E+00
    4.5620    1.6620   32.1741   70.0  2.118  4.204  0.607 0.814E-01 0.000E+00 0.557E+01 0.432E+01 0.432E+01
    4.5620    2.2660   12.0841   70.0  0.350  4.839  0.827 0.814E-01 0.000E+00 0.514E+03 0.411E+03 0.411E+03
    4.5620    2.2520   12.4841   70.0  0.375  4.840  0.823 0.814E-01 0.000E+00 0.454E+03 0.363E+03 0.363E+03
    4.5620    2.2260   13.2641   70.0  0.425  4.839  0.815 0.814E-01 0.000E+00 0.360E+03 0.287E+03 0.287E+03
