  1=HMS; 2=SHMS 
  rates will be for HMS
  Input: 
    Electron beam energy (5-19 GeV): 
    Scattered particle momentum (GeV/c): 
    Scattered angle (5-50 deg): 
    Radiation length of target (%): 

 E0= 8.195  P= 5.741  TH=13.000  RL=4.610
    pi+         pi-          K+          K-           p        pbar   nb/GeV-sr
  0.2007E+01  0.1281E+01  0.1055E+01  0.4700E-01  0.1627E+01  0.8420E-04
  Rates 
H  0.2627E+04  0.1676E+04  0.1381E+04  0.6151E+02  0.2129E+04  0.1102E+00
T  0.6138E+04  0.1738E+04
  Input: 
    Electron beam energy (5-19 GeV): 
    Scattered particle momentum (GeV/c): 
    Scattered angle (5-50 deg): 
    Radiation length of target (%): 

 E0= 8.195  P= 5.741  TH=12.100  RL=4.610
    pi+         pi-          K+          K-           p        pbar   nb/GeV-sr
  0.4091E+01  0.2614E+01  0.2087E+01  0.1076E+00  0.2894E+01  0.8946E-03
  Rates 
H  0.5355E+04  0.3421E+04  0.2732E+04  0.1408E+03  0.3788E+04  0.1171E+01
T  0.1188E+05  0.3563E+04
  Input: 
    Electron beam energy (5-19 GeV): 
    Scattered particle momentum (GeV/c): 
    Scattered angle (5-50 deg): 
    Radiation length of target (%): 

 E0= 8.195  P= 5.741  TH=18.000  RL=4.610
    pi+         pi-          K+          K-           p        pbar   nb/GeV-sr
  0.1633E-01  0.8623E-02  0.9370E-02  0.2936E-05  0.3138E-01 -0.2636E-09
  Rates 
H  0.2137E+02  0.1129E+02  0.1226E+02  0.3843E-02  0.4108E+02 -0.3450E-06
T  0.7472E+02  0.1129E+02
  Input: 
    Electron beam energy (5-19 GeV): 
    Scattered particle momentum (GeV/c): 
    Scattered angle (5-50 deg): 
    Radiation length of target (%): 

 E0= 8.195  P= 5.368  TH=20.000  RL=4.610
    pi+         pi-          K+          K-           p        pbar   nb/GeV-sr
  0.1049E-01  0.5576E-02  0.5733E-02 -0.1616E-08  0.2281E-01 -0.3182E-09
  Rates 
H  0.1284E+02  0.6824E+01  0.7016E+01 -0.1978E-05  0.2791E+02 -0.3895E-06
T  0.4777E+02  0.6824E+01
  Input: 
    Electron beam energy (5-19 GeV): 
    Scattered particle momentum (GeV/c): 
    Scattered angle (5-50 deg): 
    Radiation length of target (%): 

 E0= 8.195  P= 5.009  TH=22.000  RL=4.610
    pi+         pi-          K+          K-           p        pbar   nb/GeV-sr
  0.7595E-02  0.4042E-02  0.3949E-02 -0.4876E-09  0.1837E-01 -0.1095E-09
  Rates 
H  0.8673E+01  0.4616E+01  0.4510E+01 -0.5568E-06  0.2098E+02 -0.1250E-06
T  0.3416E+02  0.4616E+01
  Input: 
    Electron beam energy (5-19 GeV): 
    Scattered particle momentum (GeV/c): 
    Scattered angle (5-50 deg): 
    Radiation length of target (%): 

 E0= 8.195  P= 4.669  TH=24.000  RL=4.610
    pi+         pi-          K+          K-           p        pbar   nb/GeV-sr
  0.6058E-02  0.3213E-02  0.2991E-02 -0.5083E-09  0.1604E-01 -0.1534E-09
  Rates 
H  0.6449E+01  0.3420E+01  0.3184E+01 -0.5411E-06  0.1708E+02 -0.1633E-06
T  0.2671E+02  0.3420E+01
  Input: 
    Electron beam energy (5-19 GeV): 
    Scattered particle momentum (GeV/c): 
    Scattered angle (5-50 deg): 
    Radiation length of target (%): 

 E0= 8.195  P= 4.350  TH=26.000  RL=4.610
    pi+         pi-          K+          K-           p        pbar   nb/GeV-sr
  0.5249E-02  0.2763E-02  0.2454E-02 -0.2657E-09  0.1474E-01 -0.2710E-10
  Rates 
H  0.5206E+01  0.2741E+01  0.2434E+01 -0.2635E-06  0.1462E+02 -0.2688E-07
T  0.2226E+02  0.2741E+01
  Input: 
    Electron beam energy (5-19 GeV): 
    Scattered particle momentum (GeV/c): 
    Scattered angle (5-50 deg): 
    Radiation length of target (%): 

 E0= 8.195  P= 4.669  TH=24.000  RL=4.610
    pi+         pi-          K+          K-           p        pbar   nb/GeV-sr
  0.6058E-02  0.3213E-02  0.2991E-02 -0.5083E-09  0.1604E-01 -0.1534E-09
  Rates 
H  0.6449E+01  0.3420E+01  0.3184E+01 -0.5411E-06  0.1708E+02 -0.1633E-06
T  0.2671E+02  0.3420E+01
  Input: 
    Electron beam energy (5-19 GeV): 
    Scattered particle momentum (GeV/c): 
    Scattered angle (5-50 deg): 
    Radiation length of target (%): 

 E0= 6.183  P= 3.939  TH=13.000  RL=4.610
    pi+         pi-          K+          K-           p        pbar   nb/GeV-sr
  0.5295E+02  0.3127E+02  0.1815E+02  0.1039E+01  0.3290E+02  0.3212E-02
  Rates 
H  0.4755E+05  0.2808E+05  0.1630E+05  0.9327E+03  0.2955E+05  0.2885E+01
T  0.9340E+05  0.2902E+05
  Input: 
    Electron beam energy (5-19 GeV): 
    Scattered particle momentum (GeV/c): 
    Scattered angle (5-50 deg): 
    Radiation length of target (%): 

 E0= 6.183  P= 3.939  TH=12.100  RL=4.610
    pi+         pi-          K+          K-           p        pbar   nb/GeV-sr
  0.8314E+02  0.4890E+02  0.2749E+02  0.1680E+01  0.4552E+02  0.9930E-02
  Rates 
H  0.7467E+05  0.4392E+05  0.2469E+05  0.1509E+04  0.4088E+05  0.8918E+01
T  0.1402E+06  0.4544E+05
  Input: 
    Electron beam energy (5-19 GeV): 
    Scattered particle momentum (GeV/c): 
    Scattered angle (5-50 deg): 
    Radiation length of target (%): 

 E0= 6.183  P= 3.939  TH=24.000  RL=4.610
    pi+         pi-          K+          K-           p        pbar   nb/GeV-sr
  0.4135E-01  0.1733E-01  0.1615E-01 -0.4167E-08  0.1151E+00 -0.7251E-09
  Rates 
H  0.3714E+02  0.1556E+02  0.1450E+02 -0.3743E-05  0.1033E+03 -0.6512E-06
T  0.1550E+03  0.1556E+02
  Input: 
    Electron beam energy (5-19 GeV): 
    Scattered particle momentum (GeV/c): 
    Scattered angle (5-50 deg): 
    Radiation length of target (%): 

 E0= 6.183  P= 3.709  TH=26.000  RL=4.610
    pi+         pi-          K+          K-           p        pbar   nb/GeV-sr
  0.3325E-01  0.1390E-01  0.1224E-01 -0.4453E-08  0.9746E-01 -0.8790E-09
  Rates 
H  0.2812E+02  0.1175E+02  0.1035E+02 -0.3765E-05  0.8242E+02 -0.7433E-06
T  0.1209E+03  0.1175E+02
  Input: 
    Electron beam energy (5-19 GeV): 
    Scattered particle momentum (GeV/c): 
    Scattered angle (5-50 deg): 
    Radiation length of target (%): 

 E0= 6.183  P= 3.491  TH=28.000  RL=4.610
    pi+         pi-          K+          K-           p        pbar   nb/GeV-sr
  0.2829E-01  0.1174E-01  0.9744E-02 -0.2733E-08  0.8483E-01 -0.5804E-09
  Rates 
H  0.2252E+02  0.9343E+01  0.7756E+01 -0.2175E-05  0.6752E+02 -0.4620E-06
T  0.9779E+02  0.9343E+01
  Input: 
    Electron beam energy (5-19 GeV): 
    Scattered particle momentum (GeV/c): 
    Scattered angle (5-50 deg): 
    Radiation length of target (%): 

 E0= 6.183  P= 3.284  TH=30.000  RL=4.610
    pi+         pi-          K+          K-           p        pbar   nb/GeV-sr
  0.2565E-01  0.1055E-01  0.8214E-02 -0.2203E-08  0.7498E-01 -0.1883E-09
  Rates 
H  0.1920E+02  0.7903E+01  0.6150E+01 -0.1650E-05  0.5614E+02 -0.1410E-06
T  0.8150E+02  0.7903E+01
  Input: 
    Electron beam energy (5-19 GeV): 
    Scattered particle momentum (GeV/c): 
    Scattered angle (5-50 deg): 
    Radiation length of target (%): 

 E0= 6.183  P= 3.571  TH=27.250  RL=4.610
    pi+         pi-          K+          K-           p        pbar   nb/GeV-sr
  0.2995E-01  0.1247E-01  0.1059E-01 -0.2595E-08  0.8949E-01 -0.4468E-09
  Rates 
H  0.2438E+02  0.1016E+02  0.8619E+01 -0.2112E-05  0.7287E+02 -0.3638E-06
T  0.1059E+03  0.1016E+02
  Input: 
    Electron beam energy (5-19 GeV): 
